<?xml version="1.0" encoding="UTF-8"?>
<testng-results skipped="0" failed="0" ignored="0" total="2" passed="2">
  <reporter-output>
  </reporter-output>
  <suite name="Default suite" duration-ms="3947" started-at="2021-10-07T16:16:32 IST" finished-at="2021-10-07T16:16:36 IST">
    <groups>
    </groups>
    <test name="Default test" duration-ms="3947" started-at="2021-10-07T16:16:32 IST" finished-at="2021-10-07T16:16:36 IST">
      <class name="com.get.PutandPatch">
        <test-method status="PASS" signature="patch()[pri:0, instance:com.get.PutandPatch@394e1a0f]" name="patch" duration-ms="3274" started-at="2021-10-07T16:16:32 IST" finished-at="2021-10-07T16:16:36 IST">
          <reporter-output>
          </reporter-output>
        </test-method> <!-- patch -->
        <test-method status="PASS" signature="put()[pri:0, instance:com.get.PutandPatch@394e1a0f]" name="put" duration-ms="612" started-at="2021-10-07T16:16:36 IST" finished-at="2021-10-07T16:16:36 IST">
          <reporter-output>
          </reporter-output>
        </test-method> <!-- put -->
      </class> <!-- com.get.PutandPatch -->
    </test> <!-- Default test -->
  </suite> <!-- Default suite -->
</testng-results>
